[    0.000000] Linux version 4.15.0-99-generic (buildd@lcy01-amd64-013) (gcc version 7.5.0 (Ubuntu 7.5.0-3ubuntu1~18.04)) #100-Ubuntu SMP Wed Apr 22 20:32:56 UTC 2020 (Ubuntu 4.15.0-99.100-generic 4.15.18)
[    0.000000] Command line: BOOT_IMAGE=/boot/vmlinuz-4.15.0-99-generic root=LABEL=cloudimg-rootfs ro console=tty1 console=ttyS0
[    0.000000] KERNEL supported cpus:
[    0.000000]   Intel GenuineIntel
[    0.000000]   AMD AuthenticAMD
[    0.000000]   Centaur CentaurHauls
[    0.000000] x86/fpu: Supporting XSAVE feature 0x001: 'x87 floating point registers'
[    0.000000] x86/fpu: Supporting XSAVE feature 0x002: 'SSE registers'
[    0.000000] x86/fpu: Supporting XSAVE feature 0x004: 'AVX registers'
[    0.000000] x86/fpu: xstate_offset[2]:  576, xstate_sizes[2]:  256
[    0.000000] x86/fpu: Enabled xstate features 0x7, context size is 832 bytes, using 'standard' format.
[    0.000000] e820: BIOS-provided physical RAM map:
[    0.000000] BIOS-e820: [mem 0x0000000000000000-0x000000000009fbff] usable
[    0.000000] BIOS-e820: [mem 0x000000000009fc00-0x000000000009ffff] reserved
[    0.000000] BIOS-e820: [mem 0x00000000000f0000-0x00000000000fffff] reserved
[    0.000000] BIOS-e820: [mem 0x0000000000100000-0x000000003ffeffff] usable
[    0.000000] BIOS-e820: [mem 0x000000003fff0000-0x000000003fffffff] ACPI data
[    0.000000] BIOS-e820: [mem 0x00000000fec00000-0x00000000fec00fff] reserved
[    0.000000] BIOS-e820: [mem 0x00000000fee00000-0x00000000fee00fff] reserved
[    0.000000] BIOS-e820: [mem 0x00000000fffc0000-0x00000000ffffffff] reserved
[    0.000000] NX (Execute Disable) protection: active
[    0.000000] SMBIOS 2.5 present.
[    0.000000] DMI: innotek GmbH VirtualBox/VirtualBox, BIOS VirtualBox 12/01/2006
[    0.000000] Hypervisor detected: KVM
[    0.000000] e820: last_pfn = 0x3fff0 max_arch_pfn = 0x400000000
[    0.000000] MTRR: Disabled
[    0.000000] x86/PAT: MTRRs disabled, skipping PAT initialization too.
[    0.000000] CPU MTRRs all blank - virtualized system.
[    0.000000] x86/PAT: Configuration [0-7]: WB  WT  UC- UC  WB  WT  UC- UC  
[    0.000000] found SMP MP-table at [mem 0x0009fff0-0x0009ffff]
[    0.000000] Scanning 1 areas for low memory corruption
[    0.000000] RAMDISK: [mem 0x35a6f000-0x36d2efff]
[    0.000000] ACPI: Early table checksum verification disabled
[    0.000000] ACPI: RSDP 0x00000000000E0000 000024 (v02 VBOX  )
[    0.000000] ACPI: XSDT 0x000000003FFF0030 00003C (v01 VBOX   VBOXXSDT 00000001 ASL  00000061)
[    0.000000] ACPI: FACP 0x000000003FFF00F0 0000F4 (v04 VBOX   VBOXFACP 00000001 ASL  00000061)
[    0.000000] ACPI: DSDT 0x000000003FFF0470 002325 (v02 VBOX   VBOXBIOS 00000002 INTL 20100528)
[    0.000000] ACPI: FACS 0x000000003FFF0200 000040
[    0.000000] ACPI: FACS 0x000000003FFF0200 000040
[    0.000000] ACPI: APIC 0x000000003FFF0240 00005C (v02 VBOX   VBOXAPIC 00000001 ASL  00000061)
[    0.000000] ACPI: SSDT 0x000000003FFF02A0 0001CC (v01 VBOX   VBOXCPUT 00000002 INTL 20100528)
[    0.000000] No NUMA configuration found
[    0.000000] Faking a node at [mem 0x0000000000000000-0x000000003ffeffff]
[    0.000000] NODE_DATA(0) allocated [mem 0x3ffc5000-0x3ffeffff]
[    0.000000] kvm-clock: cpu 0, msr 0:3ff44001, primary cpu clock
[    0.000000] kvm-clock: Using msrs 4b564d01 and 4b564d00
[    0.000000] kvm-clock: using sched offset of 3634264537 cycles
[    0.000000] clocksource: kvm-clock: mask: 0xffffffffffffffff max_cycles: 0x1cd42e4dffb, max_idle_ns: 881590591483 ns
[    0.000000] Zone ranges:
[    0.000000]   DMA      [mem 0x0000000000001000-0x0000000000ffffff]
[    0.000000]   DMA32    [mem 0x0000000001000000-0x000000003ffeffff]
[    0.000000]   Normal   empty
[    0.000000]   Device   empty
[    0.000000] Movable zone start for each node
[    0.000000] Early memory node ranges
[    0.000000]   node   0: [mem 0x0000000000001000-0x000000000009efff]
[    0.000000]   node   0: [mem 0x0000000000100000-0x000000003ffeffff]
[    0.000000] Reserved but unavailable: 98 pages
[    0.000000] Initmem setup node 0 [mem 0x0000000000001000-0x000000003ffeffff]
[    0.000000] ACPI: PM-Timer IO Port: 0x4008
[    0.000000] IOAPIC[0]: apic_id 2, version 32, address 0xfec00000, GSI 0-23
[    0.000000] ACPI: INT_SRC_OVR (bus 0 bus_irq 0 global_irq 2 dfl dfl)
[    0.000000] ACPI: INT_SRC_OVR (bus 0 bus_irq 9 global_irq 9 low level)
[    0.000000] Using ACPI (MADT) for SMP configuration information
[    0.000000] smpboot: Allowing 2 CPUs, 0 hotplug CPUs
[    0.000000] PM: Registered nosave memory: [mem 0x00000000-0x00000fff]
[    0.000000] PM: Registered nosave memory: [mem 0x0009f000-0x0009ffff]
[    0.000000] PM: Registered nosave memory: [mem 0x000a0000-0x000effff]
[    0.000000] PM: Registered nosave memory: [mem 0x000f0000-0x000fffff]
[    0.000000] e820: [mem 0x40000000-0xfebfffff] available for PCI devices
[    0.000000] Booting paravirtualized kernel on KVM
[    0.000000] clocksource: refined-jiffies: mask: 0xffffffff max_cycles: 0xffffffff, max_idle_ns: 7645519600211568 ns
[    0.000000] random: get_random_bytes called from start_kernel+0x99/0x4fd with crng_init=0
[    0.000000] setup_percpu: NR_CPUS:8192 nr_cpumask_bits:2 nr_cpu_ids:2 nr_node_ids:1
[    0.000000] percpu: Embedded 45 pages/cpu s147456 r8192 d28672 u1048576
[    0.000000] PV qspinlock hash table entries: 256 (order: 0, 4096 bytes)
[    0.000000] Built 1 zonelists, mobility grouping on.  Total pages: 257913
[    0.000000] Policy zone: DMA32
[    0.000000] Kernel command line: BOOT_IMAGE=/boot/vmlinuz-4.15.0-99-generic root=LABEL=cloudimg-rootfs ro console=tty1 console=ttyS0
[    0.000000] Memory: 983068K/1048120K available (12300K kernel code, 2481K rwdata, 4268K rodata, 2432K init, 2712K bss, 65052K reserved, 0K cma-reserved)
[    0.000000] SLUB: HWalign=64, Order=0-3, MinObjects=0, CPUs=2, Nodes=1
[    0.000000] Kernel/User page tables isolation: enabled
[    0.000000] ftrace: allocating 39364 entries in 154 pages
[    0.004000] Hierarchical RCU implementation.
[    0.004000] 	RCU restricting CPUs from NR_CPUS=8192 to nr_cpu_ids=2.
[    0.004000] 	Tasks RCU enabled.
[    0.004000] RCU: Adjusting geometry for rcu_fanout_leaf=16, nr_cpu_ids=2
[    0.004000] NR_IRQS: 524544, nr_irqs: 440, preallocated irqs: 16
[    0.004000] Console: colour VGA+ 80x25
[    0.004000] console [tty1] enabled
[    0.004000] console [ttyS0] enabled
[    0.004000] ACPI: Core revision 20170831
[    0.004000] ACPI: 2 ACPI AML tables successfully acquired and loaded
[    0.004000] APIC: Switch to symmetric I/O mode setup
[    0.004000] x2apic enabled
[    0.004000] Switched APIC routing to physical x2apic.
[    0.004000] ..TIMER: vector=0x30 apic1=0 pin1=2 apic2=-1 pin2=-1
[    0.004003] tsc: Detected 2592.000 MHz processor
[    0.004752] Calibrating delay loop (skipped) preset value.. 5184.00 BogoMIPS (lpj=10368000)
[    0.005438] pid_max: default: 32768 minimum: 301
[    0.006209] Security Framework initialized
[    0.008002] Yama: becoming mindful.
[    0.008596] AppArmor: AppArmor initialized
[    0.010709] Dentry cache hash table entries: 131072 (order: 8, 1048576 bytes)
[    0.012046] Inode-cache hash table entries: 65536 (order: 7, 524288 bytes)
[    0.013188] Mount-cache hash table entries: 2048 (order: 2, 16384 bytes)
[    0.014836] Mountpoint-cache hash table entries: 2048 (order: 2, 16384 bytes)
[    0.016198] Last level iTLB entries: 4KB 64, 2MB 8, 4MB 8
[    0.017327] Last level dTLB entries: 4KB 64, 2MB 0, 4MB 0, 1GB 4
[    0.018303] Spectre V1 : Mitigation: usercopy/swapgs barriers and __user pointer sanitization
[    0.019703] Spectre V2 : Mitigation: Full generic retpoline
[    0.020002] Spectre V2 : Spectre v2 / SpectreRSB mitigation: Filling RSB on context switch
[    0.021546] Speculative Store Bypass: Vulnerable
[    0.022504] MDS: Mitigation: Clear CPU buffers
[    0.024121] Freeing SMP alternatives memory: 36K
[    0.134825] smpboot: CPU0: Intel(R) Core(TM) i7-8850H CPU @ 2.60GHz (family: 0x6, model: 0x9e, stepping: 0xa)
[    0.136000] Performance Events: unsupported p6 CPU model 158 no PMU driver, software events only.
[    0.136028] Hierarchical SRCU implementation.
[    0.137193] NMI watchdog: Perf event create on CPU 0 failed with -2
[    0.138224] NMI watchdog: Perf NMI watchdog permanently disabled
[    0.140038] smp: Bringing up secondary CPUs ...
[    0.141050] x86: Booting SMP configuration:
[    0.141745] .... node  #0, CPUs:      #1
[    0.004000] kvm-clock: cpu 1, msr 0:3ff44041, secondary cpu clock
[    0.144018] smp: Brought up 1 node, 2 CPUs
[    0.145123] smpboot: Max logical packages: 1
[    0.145821] smpboot: Total of 2 processors activated (10368.00 BogoMIPS)
[    0.148090] devtmpfs: initialized
[    0.148602] x86/mm: Memory block size: 128MB
[    0.149488] evm: security.selinux
[    0.150233] evm: security.SMACK64
[    0.150790] evm: security.SMACK64EXEC
[    0.152002] evm: security.SMACK64TRANSMUTE
[    0.152723] evm: security.SMACK64MMAP
[    0.153537] evm: security.apparmor
[    0.154106] evm: security.ima
[    0.154609] evm: security.capability
[    0.155230] clocksource: jiffies: mask: 0xffffffff max_cycles: 0xffffffff, max_idle_ns: 7645041785100000 ns
[    0.156006] futex hash table entries: 512 (order: 3, 32768 bytes)
[    0.160019] pinctrl core: initialized pinctrl subsystem
[    0.161234] RTC time: 14:17:43, date: 05/13/20
[    0.162132] NET: Registered protocol family 16
[    0.162909] audit: initializing netlink subsys (disabled)
[    0.163799] audit: type=2000 audit(1589379469.076:1): state=initialized audit_enabled=0 res=1
[    0.164007] cpuidle: using governor ladder
[    0.164867] cpuidle: using governor menu
[    0.165672] ACPI: bus type PCI registered
[    0.166337] acpiphp: ACPI Hot Plug PCI Controller Driver version: 0.5
[    0.168089] PCI: Using configuration type 1 for base access
[    0.169188] HugeTLB registered 2.00 MiB page size, pre-allocated 0 pages
[    0.172060] ACPI: Added _OSI(Module Device)
[    0.172756] ACPI: Added _OSI(Processor Device)
[    0.173500] ACPI: Added _OSI(3.0 _SCP Extensions)
[    0.174261] ACPI: Added _OSI(Processor Aggregator Device)
[    0.175309] ACPI: Added _OSI(Linux-Dell-Video)
[    0.176004] ACPI: Added _OSI(Linux-Lenovo-NV-HDMI-Audio)
[    0.176857] ACPI: Added _OSI(Linux-HPI-Hybrid-Graphics)
[    0.178174] ACPI: Executed 1 blocks of module-level executable AML code
[    0.182161] ACPI: Interpreter enabled
[    0.183084] ACPI: (supports S0 S5)
[    0.184004] ACPI: Using IOAPIC for interrupt routing
[    0.185015] PCI: Using host bridge windows from ACPI; if necessary, use "pci=nocrs" and report a bug
[    0.186706] ACPI: Enabled 2 GPEs in block 00 to 07
[    0.192877] ACPI: PCI Root Bridge [PCI0] (domain 0000 [bus 00-ff])
[    0.193908] acpi PNP0A03:00: _OSC: OS supports [ASPM ClockPM Segments MSI]
[    0.195561] acpi PNP0A03:00: _OSC: not requesting OS control; OS requires [ExtendedConfig ASPM ClockPM MSI]
[    0.196013] acpi PNP0A03:00: fail to add MMCONFIG information, can't access extended PCI configuration space under this bridge.
[    0.198277] PCI host bridge to bus 0000:00
[    0.200004] pci_bus 0000:00: root bus resource [io  0x0000-0x0cf7 window]
[    0.201084] pci_bus 0000:00: root bus resource [io  0x0d00-0xffff window]
[    0.202245] pci_bus 0000:00: root bus resource [mem 0x000a0000-0x000bffff window]
[    0.204004] pci_bus 0000:00: root bus resource [mem 0x40000000-0xfdffffff window]
[    0.205214] pci_bus 0000:00: root bus resource [bus 00-ff]
[    0.208769] pci 0000:00:01.1: legacy IDE quirk: reg 0x10: [io  0x01f0-0x01f7]
[    0.210465] pci 0000:00:01.1: legacy IDE quirk: reg 0x14: [io  0x03f6]
[    0.211573] pci 0000:00:01.1: legacy IDE quirk: reg 0x18: [io  0x0170-0x0177]
[    0.212003] pci 0000:00:01.1: legacy IDE quirk: reg 0x1c: [io  0x0376]
[    0.225200] pci 0000:00:07.0: quirk: [io  0x4000-0x403f] claimed by PIIX4 ACPI
[    0.226866] pci 0000:00:07.0: quirk: [io  0x4100-0x410f] claimed by PIIX4 SMB
[    0.232852] ACPI: PCI Interrupt Link [LNKA] (IRQs 5 9 10 *11)
[    0.234139] ACPI: PCI Interrupt Link [LNKB] (IRQs 5 9 *10 11)
[    0.235277] ACPI: PCI Interrupt Link [LNKC] (IRQs 5 *9 10 11)
[    0.236103] ACPI: PCI Interrupt Link [LNKD] (IRQs 5 9 10 *11)
[    0.237252] SCSI subsystem initialized
[    0.237928] pci 0000:00:02.0: vgaarb: setting as boot VGA device
[    0.237928] pci 0000:00:02.0: vgaarb: VGA device added: decodes=io+mem,owns=io+mem,locks=none
[    0.240006] pci 0000:00:02.0: vgaarb: bridge control possible
[    0.241185] vgaarb: loaded
[    0.241668] ACPI: bus type USB registered
[    0.242343] usbcore: registered new interface driver usbfs
[    0.244013] usbcore: registered new interface driver hub
[    0.244879] usbcore: registered new device driver usb
[    0.246110] EDAC MC: Ver: 3.0.0
[    0.246110] PCI: Using ACPI for IRQ routing
[    0.248264] NetLabel: Initializing
[    0.248843] NetLabel:  domain hash size = 128
[    0.249593] NetLabel:  protocols = UNLABELED CIPSOv4 CALIPSO
[    0.250512] NetLabel:  unlabeled traffic allowed by default
[    0.252004] clocksource: Switched to clocksource kvm-clock
[    0.313819] VFS: Disk quotas dquot_6.6.0
[    0.315021] VFS: Dquot-cache hash table entries: 512 (order 0, 4096 bytes)
[    0.316623] AppArmor: AppArmor Filesystem Enabled
[    0.317709] pnp: PnP ACPI init
[    0.319919] pnp: PnP ACPI: found 3 devices
[    0.328791] clocksource: acpi_pm: mask: 0xffffff max_cycles: 0xffffff, max_idle_ns: 2085701024 ns
[    0.331139] NET: Registered protocol family 2
[    0.332404] TCP established hash table entries: 8192 (order: 4, 65536 bytes)
[    0.334190] TCP bind hash table entries: 8192 (order: 5, 131072 bytes)
[    0.337313] TCP: Hash tables configured (established 8192 bind 8192)
[    0.338358] UDP hash table entries: 512 (order: 2, 16384 bytes)
[    0.339304] UDP-Lite hash table entries: 512 (order: 2, 16384 bytes)
[    0.340429] NET: Registered protocol family 1
[    0.341399] pci 0000:00:00.0: Limiting direct PCI/PCI transfers
[    0.342762] pci 0000:00:01.0: Activating ISA DMA hang workarounds
[    0.343796] pci 0000:00:02.0: Video device with shadowed ROM at [mem 0x000c0000-0x000dffff]
[    0.345300] Unpacking initramfs...
[    0.676755] Freeing initrd memory: 19200K
[    0.677870] clocksource: tsc: mask: 0xffffffffffffffff max_cycles: 0x255cb6cc5db, max_idle_ns: 440795203504 ns
[    0.680008] platform rtc_cmos: registered platform RTC device (no PNP device found)
[    0.681664] Scanning for low memory corruption every 60 seconds
[    0.683459] Initialise system trusted keyrings
[    0.684520] Key type blacklist registered
[    0.685243] workingset: timestamp_bits=36 max_order=18 bucket_order=0
[    0.686913] zbud: loaded
[    0.687721] squashfs: version 4.0 (2009/01/31) Phillip Lougher
[    0.688853] fuse init (API version 7.26)
[    0.691586] Key type asymmetric registered
[    0.692592] Asymmetric key parser 'x509' registered
[    0.693521] Block layer SCSI generic (bsg) driver version 0.4 loaded (major 246)
[    0.694944] io scheduler noop registered
[    0.695631] io scheduler deadline registered
[    0.696439] io scheduler cfq registered (default)
[    0.697776] ACPI: AC Adapter [AC] (on-line)
[    0.698661] input: Power Button as /devices/LNXSYSTM:00/LNXPWRBN:00/input/input0
[    0.699911] ACPI: Power Button [PWRF]
[    0.700623] input: Sleep Button as /devices/LNXSYSTM:00/LNXSLPBN:00/input/input1
[    0.702010] ACPI: Sleep Button [SLPF]
[    0.703752] ACPI: Battery Slot [BAT0] (battery present)
[    0.704116] Serial: 8250/16550 driver, 32 ports, IRQ sharing enabled
[    0.726188] 00:02: ttyS0 at I/O 0x3f8 (irq = 4, base_baud = 115200) is a 16550A
[    0.729082] Linux agpgart interface v0.103
[    0.730547] loop: module loaded
[    0.731523] scsi host0: ata_piix
[    0.732201] scsi host1: ata_piix
[    0.732780] ata1: PATA max UDMA/33 cmd 0x1f0 ctl 0x3f6 bmdma 0xd000 irq 14
[    0.734134] ata2: PATA max UDMA/33 cmd 0x170 ctl 0x376 bmdma 0xd008 irq 15
[    0.735292] libphy: Fixed MDIO Bus: probed
[    0.736066] tun: Universal TUN/TAP device driver, 1.6
[    0.737376] PPP generic driver version 2.4.2
[    0.738108] ehci_hcd: USB 2.0 'Enhanced' Host Controller (EHCI) Driver
[    0.739314] ehci-pci: EHCI PCI platform driver
[    0.740050] ehci-platform: EHCI generic platform driver
[    0.740977] ohci_hcd: USB 1.1 'Open' Host Controller (OHCI) Driver
[    0.741981] ohci-pci: OHCI PCI platform driver
[    0.742731] ohci-platform: OHCI generic platform driver
[    0.743568] uhci_hcd: USB Universal Host Controller Interface driver
[    0.744626] i8042: PNP: PS/2 Controller [PNP0303:PS2K,PNP0f03:PS2M] at 0x60,0x64 irq 1,12
[    0.746370] serio: i8042 KBD port at 0x60,0x64 irq 1
[    0.747210] serio: i8042 AUX port at 0x60,0x64 irq 12
[    0.748128] mousedev: PS/2 mouse device common for all mice
[    0.749276] input: AT Translated Set 2 keyboard as /devices/platform/i8042/serio0/input/input2
[    0.751285] rtc_cmos rtc_cmos: rtc core: registered rtc_cmos as rtc0
[    0.752715] rtc_cmos rtc_cmos: alarms up to one day, 114 bytes nvram
[    0.753738] i2c /dev entries driver
[    0.754692] device-mapper: uevent: version 1.0.3
[    0.755536] device-mapper: ioctl: 4.37.0-ioctl (2017-09-20) initialised: dm-devel@redhat.com
[    0.756956] ledtrig-cpu: registered to indicate activity on CPUs
[    0.758210] NET: Registered protocol family 10
[    0.762205] Segment Routing with IPv6
[    0.763029] NET: Registered protocol family 17
[    0.763812] Key type dns_resolver registered
[    0.764643] mce: Using 0 MCE banks
[    0.765227] RAS: Correctable Errors collector initialized.
[    0.766100] sched_clock: Marking stable (764599612, 0)->(896727044, -132127432)
[    0.767968] registered taskstats version 1
[    0.768681] Loading compiled-in X.509 certificates
[    0.771116] Loaded X.509 cert 'Build time autogenerated kernel key: 7480108fe56bba9284001dfb9078560125be4684'
[    0.772994] zswap: loaded using pool lzo/zbud
[    0.776033] Key type big_key registered
[    0.777049] Key type trusted registered
[    0.779069] Key type encrypted registered
[    0.780079] AppArmor: AppArmor sha1 policy hashing enabled
[    0.781072] ima: No TPM chip found, activating TPM-bypass! (rc=-19)
[    0.782163] ima: Allocated hash algorithm: sha1
[    0.782907] evm: HMAC attrs: 0x1
[    0.783656]   Magic number: 4:175:283
[    0.784698] rtc_cmos rtc_cmos: setting system clock to 2020-05-13 14:17:44 UTC (1589379464)
[    0.786161] BIOS EDD facility v0.16 2004-Jun-25, 0 devices found
[    0.787131] EDD information not available.
[    1.100565] Freeing unused kernel image memory: 2432K
[    1.112560] Write protecting the kernel read-only data: 20480k
[    1.114799] Freeing unused kernel image memory: 2008K
[    1.116375] Freeing unused kernel image memory: 1876K
[    1.123469] x86/mm: Checked W+X mappings: passed, no W+X pages found.
[    1.124930] x86/mm: Checking user space page tables
[    1.131425] x86/mm: Checked W+X mappings: passed, no W+X pages found.
Loading, please wait...
starting version 237
[    1.195421] Fusion MPT base driver 3.04.20
[    1.196505] Copyright (c) 1999-2008 LSI Corporation
[    1.199588] e1000: Intel(R) PRO/1000 Network Driver - version 7.3.21-k8-NAPI
[    1.201237] e1000: Copyright (c) 1999-2006 Intel Corporation.
[    1.213184] AVX2 version of gcm_enc/dec engaged.
[    1.214392] AES CTR mode by8 optimization enabled
[    1.217451] Fusion MPT SPI Host driver 3.04.20
[    1.404520] input: ImExPS/2 Generic Explorer Mouse as /devices/platform/i8042/serio1/input/input4
[    1.586715] e1000 0000:00:03.0 eth0: (PCI:33MHz:32-bit) 02:10:84:19:ba:ea
[    1.589198] e1000 0000:00:03.0 eth0: Intel(R) PRO/1000 Network Connection
[    1.591701] mptbase: ioc0: Initiating bringup
[    1.591823] e1000 0000:00:03.0 enp0s3: renamed from eth0
[    2.074835] ioc0: LSI53C1030 A0: Capabilities={Initiator}
[    5.076337] scsi host2: ioc0: LSI53C1030 A0, FwRev=00000000h, Ports=1, MaxQ=256, IRQ=20
[    7.709136] scsi 2:0:0:0: Direct-Access     VBOX     HARDDISK         1.0  PQ: 0 ANSI: 5
[    8.193183] scsi target2:0:0: Beginning Domain Validation
[    8.196656] scsi target2:0:0: Domain Validation skipping write tests
[    8.198434] scsi target2:0:0: Ending Domain Validation
[    8.199698] scsi target2:0:0: asynchronous
[    8.201199] scsi 2:0:1:0: Direct-Access     VBOX     HARDDISK         1.0  PQ: 0 ANSI: 5
[    9.149890] scsi target2:0:1: Beginning Domain Validation
[    9.153423] random: fast init done
[    9.154337] scsi target2:0:1: Domain Validation skipping write tests
[    9.155569] scsi target2:0:1: Ending Domain Validation
[    9.156627] scsi target2:0:1: asynchronous
[    9.161235] random: systemd-udevd: uninitialized urandom read (16 bytes read)
[    9.161377] sd 2:0:0:0: Attached scsi generic sg0 type 0
[    9.162591] random: systemd-udevd: uninitialized urandom read (16 bytes read)
[    9.163651] sd 2:0:0:0: [sda] 20971520 512-byte logical blocks: (10.7 GB/10.0 GiB)
[    9.165288] random: systemd-udevd: uninitialized urandom read (16 bytes read)
[    9.167084] sd 2:0:0:0: [sda] Write Protect is off
[    9.169818] sd 2:0:1:0: Attached scsi generic sg1 type 0
[    9.169960] sd 2:0:0:0: [sda] Incomplete mode parameter data
[    9.172807] sd 2:0:0:0: [sda] Assuming drive cache: write through
[    9.174068] sd 2:0:1:0: [sdb] 20480 512-byte logical blocks: (10.5 MB/10.0 MiB)
[    9.175632] sd 2:0:1:0: [sdb] Write Protect is off
[    9.176104]  sda: sda1
[    9.177639] sd 2:0:1:0: [sdb] Incomplete mode parameter data
[    9.177937] sd 2:0:0:0: [sda] Attached SCSI disk
[    9.178935] sd 2:0:1:0: [sdb] Assuming drive cache: write through
[    9.183636] sd 2:0:1:0: [sdb] Attached SCSI disk
Begin: Loading essential drivers ... [   10.552023] raid6: sse2x1   gen() 13593 MB/s
[   10.600360] raid6: sse2x1   xor()  9611 MB/s
[   10.648155] raid6: sse2x2   gen() 16333 MB/s
[   10.696136] raid6: sse2x2   xor() 11098 MB/s
[   10.744077] raid6: sse2x4   gen() 18396 MB/s
[   10.792694] raid6: sse2x4   xor() 11849 MB/s
[   10.840282] raid6: avx2x1   gen() 27287 MB/s
[   10.888026] raid6: avx2x1   xor() 17829 MB/s
[   10.936102] raid6: avx2x2   gen() 30235 MB/s
[   10.984545] raid6: avx2x2   xor() 20662 MB/s
[   11.032252] raid6: avx2x4   gen() 37906 MB/s
[   11.080398] raid6: avx2x4   xor() 23122 MB/s
[   11.082152] raid6: using algorithm avx2x4 gen() 37906 MB/s
[   11.083773] raid6: .... xor() 23122 MB/s, rmw enabled
[   11.084712] raid6: using avx2x2 recovery algorithm
[   11.086413] xor: automatically using best checksumming function   avx       
[   11.088590] async_tx: api initialized (async)
done.
Begin: Running /scripts/init-premount ... done.
Begin: Mounting root file system ... Begin: Running /scripts/local-top ... done.
Begin: Running /scripts/local-premount ... [   11.121870] Btrfs loaded, crc32c=crc32c-intel
Scanning for Btrfs filesystems
done.
Warning: fsck not present, so skipping root file system
[   11.144196] EXT4-fs (sda1): mounted filesystem with ordered data mode. Opts: (null)
done.
Begin: Running /scripts/local-bottom ... done.
Begin: Running /scripts/init-bottom ... done.
[   11.285888] ip_tables: (C) 2000-2006 Netfilter Core Team
[   11.294353] systemd[1]: systemd 237 running in system mode. (+PAM +AUDIT +SELINUX +IMA +APPARMOR +SMACK +SYSVINIT +UTMP +LIBCRYPTSETUP +GCRYPT +GNUTLS +ACL +XZ +LZ4 +SECCOMP +BLKID +ELFUTILS +KMOD -IDN2 +IDN -PCRE2 default-hierarchy=hybrid)
[   11.298240] systemd[1]: Detected virtualization oracle.
[   11.299270] systemd[1]: Detected architecture x86-64.

Welcome to [1mUbuntu 18.04.4 LTS[0m!

[   11.710207] systemd[1]: Set hostname to <ubuntu>.
[   11.717964] systemd[1]: Initializing machine ID from random generator.
[   11.719567] systemd[1]: Installed transient /etc/machine-id file.
[   11.904276] systemd[1]: Created slice User and Session Slice.
[[0;32m  OK  [0m] Created slice User and Session Slice.
[   12.074931] systemd[1]: Created slice System Slice.
[[0;32m  OK  [0m] Created slice System Slice.
[   12.144175] systemd[1]: Listening on Device-mapper event daemon FIFOs.
[[0;32m  OK  [0m] Listening on Device-mapper event daemon FIFOs.
[   12.224879] systemd[1]: Created slice system-serial\x2dgetty.slice.
[[0;32m  OK  [0m] Created slice system-serial\x2dgetty.slice.
[[0;32m  OK  [0m] Listening on LVM2 metadata daemon socket.
[[0;32m  OK  [0m] Listening on Journal Socket.
         Starting Remount Root and Kernel File Systems...
         Starting Monitoring of LVM2 mirrors…ng dmeventd or progress polling...
[[0;32m  OK  [0m] Listening on Network Service Netlink Socket.
         Starting Create list of required st…ce nodes for the current kernel...
[[0;32m  OK  [0m] Listening on /dev/initctl Compatibility Named Pipe.
[[0;32m  OK  [0m] Listening on LVM2 poll daemon socket.
         Mounting POSIX Message Queue File System...
         Starting Set the console keyboard layout...
[   12.727490] EXT4-fs (sda1): re-mounted. Opts: (null)
         Starting Load Kernel Modules...
[[0;32m  OK  [0m] Listening on Syslog Socket.
[[0;32m  OK  [0m] Set up automount Arbitrary Executab…rmats File System Automount Point.
[   12.764690] Loading iSCSI transport class v2.0-870.
[   12.772094] iscsi: registered transport (tcp)
[[0;32m  OK  [0m] Reached target Slices.
[[0;32m  OK  [0m] Reached target Swap.
[[0;32m  OK  [0m] Started Forward Password Requests to Wall Directory Watch.
[[0;32m  OK  [0m] Listening on udev Control Socket.
         Mounting Kernel Debug File System...
         Mounting Huge Pages File System...
         Starting Uncomplicated firewall...
[[0;32m  OK  [0m] Listening on udev Kernel Socket.
         Starting udev Coldplug all Devices...
[[0;32m  OK  [0m] Listening on Journal Audit Socket.
[[0;32m  OK  [0m] Listening on Journal Socket (/dev/log).
         Starting Journal Service...
[   12.819103] iscsi: registered transport (iser)
[[0;32m  OK  [0m] Reached target User and Group Name Lookups.
[[0;32m  OK  [0m] Reached target System Time Synchronized.
[[0;32m  OK  [0m] Started Remount Root and Kernel File Systems.
[[0;32m  OK  [0m] Started Create list of required sta…vice nodes for the current kernel.
[[0;32m  OK  [0m] Mounted POSIX Message Queue File System.
[[0;32m  OK  [0m] Started Load Kernel Modules.
[[0;32m  OK  [0m] Mounted Kernel Debug File System.
[[0;32m  OK  [0m] Mounted Huge Pages File System.
[[0;32m  OK  [0m] Started Uncomplicated firewall.
[[0;32m  OK  [0m] Started LVM2 metadata daemon.
         Mounting FUSE Control File System...
         Mounting Kernel Configuration File System...
         Starting Apply Kernel Variables...
         Starting Create Static Device Nodes in /dev...
         Starting Load/Save Random Seed...
[[0;32m  OK  [0m] Started Journal Service.
[[0;32m  OK  [0m] Started Monitoring of LVM2 mirrors,…sing dmeventd or progress polling.
[[0;32m  OK  [0m] Mounted FUSE Control File System.
[[0;32m  OK  [0m] Mounted Kernel Configuration File System.
[[0;32m  OK  [0m] Started Apply Kernel Variables.
[[0;32m  OK  [0m] Started Create Static Device Nodes in /dev.
[[0;32m  OK  [0m] Started Load/Save Random Seed.
[[0;32m  OK  [0m] Started udev Coldplug all Devices.
         Starting udev Kernel Device Manager...
         Starting Flush Journal to Persistent Storage...
[[0;32m  OK  [0m] Started udev Kernel Device Manager.
[[0;32m  OK  [0m] Started Flush Journal to Persistent Storage.
[[0;32m  OK  [0m] Found device /dev/ttyS0.
[[0;32m  OK  [0m] Listening on Load/Save RF Kill Switch Status /dev/rfkill Watch.
[[0;32m  OK  [0m] Started Set the console keyboard layout.
[[0;32m  OK  [0m] Started Dispatch Password Requests to Console Directory Watch.
[[0;32m  OK  [0m] Reached target Local Encrypted Volumes.
[[0;32m  OK  [0m] Reached target Local File Systems (Pre).
[[0;32m  OK  [0m] Reached target Local File Systems.
         Starting Tell Plymouth To Write Out Runtime Data...
         Starting Commit a transient machine-id on disk...
         Starting ebtables ruleset management...
         Starting Create Volatile Files and Directories...
         Starting Set console font and keymap...
         Starting AppArmor initialization...
[[0;32m  OK  [0m] Started Tell Plymouth To Write Out Runtime Data.
[[0;32m  OK  [0m] Started Set console font and keymap.
[[0;32m  OK  [0m] Started Create Volatile Files and Directories.
         Starting Update UTMP about System Boot/Shutdown...
[[0;32m  OK  [0m] Started Update UTMP about System Boot/Shutdown.
[[0;32m  OK  [0m] Started Commit a transient machine-id on disk.
[[0;32m  OK  [0m] Started ebtables ruleset management.
[[0;32m  OK  [0m] Started AppArmor initialization.
         Starting Initial cloud-init job (pre-networking)...
[   16.174297] cloud-init[657]: Cloud-init v. 19.4-33-gbb4131a2-0ubuntu1~18.04.1 running 'init-local' at Wed, 13 May 2020 14:17:59 +0000. Up 15.87 seconds.
[[0;32m  OK  [0m] Started Initial cloud-init job (pre-networking).
[[0;32m  OK  [0m] Reached target Network (Pre).
         Starting Network Service...
[[0;32m  OK  [0m] Started Network Service.
         Starting Network Name Resolution...
         Starting Wait for Network to be Configured...
[[0;32m  OK  [0m] Started Network Name Resolution.
[[0;32m  OK  [0m] Reached target Host and Network Name Lookups.
[[0;32m  OK  [0m] Reached target Network.
[[0;32m  OK  [0m] Started Wait for Network to be Configured.
         Starting Initial cloud-init job (metadata service crawler)...
[   17.988328] cloud-init[776]: Cloud-init v. 19.4-33-gbb4131a2-0ubuntu1~18.04.1 running 'init' at Wed, 13 May 2020 14:18:01 +0000. Up 17.87 seconds.
[   18.000631] cloud-init[776]: ci-info: ++++++++++++++++++++++++++++++++++++++Net device info++++++++++++++++++++++++++++++++++++++
[   18.012189] cloud-init[776]: ci-info: +--------+------+----------------------------+---------------+--------+-------------------+
[   18.013460] cloud-init[776]: ci-info: | Device |  Up  |          Address           |      Mask     | Scope  |     Hw-Address    |
[   18.014774] cloud-init[776]: ci-info: +--------+------+----------------------------+---------------+--------+-------------------+
[   18.015965] cloud-init[776]: ci-info: | enp0s3 | True |         10.0.2.15          | 255.255.255.0 | global | 02:10:84:19:ba:ea |
[   18.028264] cloud-init[776]: ci-info: | enp0s3 | True | fe80::10:84ff:fe19:baea/64 |       .       |  link  | 02:10:84:19:ba:ea |
[   18.029774] cloud-init[776]: ci-info: |   lo   | True |         127.0.0.1          |   255.0.0.0   |  host  |         .         |
[   18.031666] cloud-init[776]: ci-info: |   lo   | True |          ::1/128           |       .       |  host  |         .         |
[   18.033189] cloud-init[776]: ci-info: +--------+------+----------------------------+---------------+--------+-------------------+
[   18.035074] cloud-init[776]: ci-info: ++++++++++++++++++++++++++++Route IPv4 info+++++++++++++++++++++++++++++
[   18.036621] cloud-init[776]: ci-info: +-------+-------------+----------+-----------------+-----------+-------+
[   18.038005] cloud-init[776]: ci-info: | Route | Destination | Gateway  |     Genmask     | Interface | Flags |
[   18.039203] cloud-init[776]: ci-info: +-------+-------------+----------+-----------------+-----------+-------+
[   18.040779] cloud-init[776]: ci-info: |   0   |   0.0.0.0   | 10.0.2.2 |     0.0.0.0     |   enp0s3  |   UG  |
[   18.042266] cloud-init[776]: ci-info: |   1   |   10.0.2.0  | 0.0.0.0  |  255.255.255.0  |   enp0s3  |   U   |
[   18.043725] cloud-init[776]: ci-info: |   2   |   10.0.2.2  | 0.0.0.0  | 255.255.255.255 |   enp0s3  |   UH  |
[   18.044977] cloud-init[776]: ci-info: +-------+-------------+----------+-----------------+-----------+-------+
[   18.046426] cloud-init[776]: ci-info: +++++++++++++++++++Route IPv6 info+++++++++++++++++++
[   18.047625] cloud-init[776]: ci-info: +-------+-------------+---------+-----------+-------+
[   18.048762] cloud-init[776]: ci-info: | Route | Destination | Gateway | Interface | Flags |
[   18.049733] cloud-init[776]: ci-info: +-------+-------------+---------+-----------+-------+
[   18.051631] cloud-init[776]: ci-info: |   1   |  fe80::/64  |    ::   |   enp0s3  |   U   |
[   18.052832] cloud-init[776]: ci-info: |   3   |    local    |    ::   |   enp0s3  |   U   |
[   18.053847] cloud-init[776]: ci-info: |   4   |   ff00::/8  |    ::   |   enp0s3  |   U   |
[   18.054833] cloud-init[776]: ci-info: +-------+-------------+---------+-----------+-------+
[   18.760875] cloud-init[776]: Generating public/private rsa key pair.
[   18.772700] cloud-init[776]: Your identification has been saved in /etc/ssh/ssh_host_rsa_key.
[   18.773626] cloud-init[776]: Your public key has been saved in /etc/ssh/ssh_host_rsa_key.pub.
[   18.774874] cloud-init[776]: The key fingerprint is:
[   18.775858] cloud-init[776]: SHA256:CCtc+u1+xb9P370GFaFWNG+1FAuIrkUtcbroYnv7RmY root@ubuntu-bionic
[   18.777512] cloud-init[776]: The key's randomart image is:
[   18.778471] cloud-init[776]: +---[RSA 2048]----+
[   18.788630] cloud-init[776]: |         .+....B+|
[   18.789404] cloud-init[776]: |         +oo  =.*|
[   18.800334] cloud-init[776]: |    o   o..  o o+|
[[   18.812544] [0;32m  OK  [0mcloud-init] [776]: Started Initial cloud-init job (metadata service crawler).| . o o ..o. .  o |

[[0;32m  OK  [0m[   18.813811] ] cloud-initReached target Network is Online.[776]: 
|  + . ..So    .  |
[[0;32m  OK  [0m] Reached target Remote File Systems (Pre).
[[   18.815231] cloud-init[776]: |   o ... Eo  .   |
[   18.815824] cloud-init[776]: |    .o..+. .  o  |
[   18.816095] cloud-init[776]: |    ..o...  .. oo|
[   18.816699] cloud-init[776]: |     o+o+.  .oo.=|
[   18.816824] cloud-init[776]: +----[SHA256]-----+
[0;32m  OK  [0m] Reached target Remote File Systems.
[   18.816910] cloud-init[776]: Generating public/private dsa key pair.
[   18.820815] cloud-init[776]: Your identification has been saved in /etc/ssh/ssh_host_dsa_key.
[   18.821715] cloud-init[776]: Your public key has been saved in /etc/ssh/ssh_host_dsa_key.pub.
[   18.822645] cloud-init[776]: The key fingerprint is:
         Starting Availability of block devices...
[[0;32m  OK  [0m] Reached target Cloud-config availability.
[[   18.824361] [0;32m  OK  [0mcloud-init] [776]: Reached target System Initialization.SHA256:4DUoJ7y8m3bfI+NPAu443rb9OZZcH5dTNdJsK/xig84 root@ubuntu-bionic

[[0;32m  OK  [0m[   18.842194] ] cloud-initStarted Daily apt download activities.
[776]: The key's randomart image is:
[[   18.843360] cloud-init[776]: +---[DSA 1024]----+
[   18.843473] cloud-init[776]: |              o  |
[   18.844601] cloud-init[776]: |   .   .     . =.|
[0;32m  OK  [0m] Started Daily Cleanup of Temporary Directories.
[   18.844752] cloud-init[776]: |    + + o   . o +|
[   18.856733] cloud-init[776]: |   . * o .   o ..|
[   18.856811] cloud-init[776]: |    o o S   . o o|
[[0;32m  OK  [0m] Started Discard unused blocks once a week.
[   18.856973] cloud-init[776]: |     o .   ..+.+.|
[[   18.884194] cloud-init[776]: |    . . ..+o..oo.|
[0;32m  OK  [0m] [   18.884377] Listening on ACPID Listen Socket.cloud-init
[776]: |    o*o.o+*E  .  |
[[   18.896313] [0;32m  OK  [0mcloud-init] [776]: Listening on UUID daemon activation socket.|   o=++++*=o     |

[[0;32m  OK  [0m[   18.908656] ] cloud-initListening on D-Bus System Message Bus Socket.[776]: 
+----[SHA256]-----+
         [   18.920207] Starting Socket activation for snappy daemon.cloud-init
[776]: Generating public/private ecdsa key pair.
[   18.921829] cloud-init[776]: Your identification has been saved in /etc/ssh/ssh_host_ecdsa_key.
[   18.922856] cloud-init[776]: Your public key has been saved in /etc/ssh/ssh_host_ecdsa_key.pub.
         [   18.932345] cloud-init[776]: The key fingerprint is:
[   18.932488] cloud-init[776]: SHA256:yqPtN5HAU3h8H3yTg4E0KxotYok3VvlLydZTQEV3/Cc root@ubuntu-bionic
Starting LXD - unix socket.
[   18.932607] cloud-init[776]: The key's randomart image is:
[   18.956548] cloud-init[776]: +---[ECDSA 256]---+
[   18.956668] cloud-init[776]: |      .+ o=*+o.o.|
[[0;32m  OK  [0m] Started ACPI Events Check.
[   18.957175] cloud-init[776]: |   . oo.+ oo=.=..|
[[   18.969526] cloud-init[776]: |  . B.o=o+.o o o.|
[   18.969656] cloud-init[776]: |   + o++*.o . E o|
[   18.970516] cloud-init[776]: |      .=So .   ..|
[0;32m  OK  [0m] Started Message of the Day.
[   18.971153] cloud-init[776]: |     . .+        |
[[   18.973767] cloud-init[776]: |      +  .       |
[   18.973839] cloud-init[776]: |     o .o        |
[   18.974521] cloud-init[776]: |    ..o. .       |
[   18.975182] cloud-init[776]: +----[SHA256]-----+[0;32m  OK  [0m
] Listening on Open-iSCSI iscsid Socket.
[[0;32m  OK  [0m[   18.977060] ] cloud-initReached target Paths.[776]: 
Generating public/private ed25519 key pair.
[[0;32m  OK  [0m] Started Daily apt upgrade and clean activities.
[   18.988310] cloud-init[776]: Your identification has been saved in /etc/ssh/ssh_host_ed25519_key.
[[0;32m  OK  [0m] Reached target Timers.
[   19.000536] cloud-init[776]: Your public key has been saved in /etc/ssh/ssh_host_ed25519_key.pub.
[   19.002490] cloud-init[776]: The key fingerprint is:
[   19.003187] cloud-init[776]: SHA256:C+oc3OaI2mE/nqjXICtaOfBUpsVJXWCXSwHU12CiPYM root@ubuntu-bionic
[   19.004250] cloud-init[776]: The key's randomart image is:
[   19.004297] cloud-init[776]: +--[ED25519 256]--+
[   19.004985] cloud-init[776]: |    .o===ooo     |
[   19.005642] cloud-init[776]: |   o o.=+o. .    |
[   19.006306] cloud-init[776]: |    * E.+o       |
[   19.006972] cloud-init[776]: |   =    .o       |
[[0;32m  OK  [0m] Started Availability of block devices.
[   19.007642] cloud-init[776]: |. o   . S        |
[   19.009957] cloud-init[776]: |.+.o o . .       |
[   19.010046] cloud-init[776]: | oBo+ o .        |
[   19.010697] cloud-init[776]: |o+.Oo*           |
[[0;32m  OK  [0m] Listening on Socket activation for snappy daemon.
[[   19.011551] cloud-init[776]: |*++.B..          |
[   19.013228] cloud-init[776]: +----[SHA256]-----+
[0;32m  OK  [0m] Listening on LXD - unix socket.
[[0;32m  OK  [0m] Reached target Sockets.
[[0;32m  OK  [0m] Reached target Basic System.
[[0;32m  OK  [0m] Started irqbalance daemon.
[[0;32m  OK  [0m] Started Regular background program processing daemon.
         Starting Login Service...
[[0;32m  OK  [0m] Started FUSE filesystem for LXC.
         Starting LSB: automatic crash report generation...
         Starting Snappy daemon...
         Starting Virtualbox guest utils...
         Starting Pollinate to seed the pseudo random number generator...
         Starting Dispatcher daemon for systemd-networkd...
         Starting LSB: Record successful boot for GRUB...
[[0;32m  OK  [0m] Started Deferred execution scheduler.
         Starting LXD - container startup/shutdown...
         Starting Permit User Sessions...
[[0;32m  OK  [0m] Started D-Bus System Message Bus.
[[0;32m  OK  [0m] Started Login Service.
[[0;32m  OK  [0m] Started Unattended Upgrades Shutdown.
         Starting Accounts Service...
         Starting System Logging Service...
[[0;32m  OK  [0m] Started LXD - container startup/shutdown.
[[0;32m  OK  [0m] Started Permit User Sessions.
         Starting Terminate Plymouth Boot Screen...
         Starting Hold until boot process finishes up...
[[0;32m  OK  [0m] Started Hold until boot process finishes up.
[[0;32m  OK  [0m] Started Terminate Plymouth Boot Screen.
[[0;32m  OK  [0m] Started Serial Getty on ttyS0.
         Starting Set console scheme...
         Starting Authorization Manager...
[[0;32m  OK  [0m] Started Set console scheme.
[[0;32m  OK  [0m] Created slice system-getty.slice.
[[0;32m  OK  [0m] Started Getty on tty1.
[[0;32m  OK  [0m] Reached target Login Prompts.
[[0;32m  OK  [0m] Started LSB: automatic crash report generation.
[[0;32m  OK  [0m] Started Authorization Manager.
[[0;32m  OK  [0m] Started Accounts Service.
[[0;32m  OK  [0m] Started LSB: Record successful boot for GRUB.
[[0;32m  OK  [0m] Started System Logging Service.
[[0;32m  OK  [0m] Started Virtualbox guest utils.
[[0;32m  OK  [0m] Started Dispatcher daemon for systemd-networkd.
[[0;32m  OK  [0m] Started Snappy daemon.
         Starting Wait until snapd is fully seeded...
[[0;32m  OK  [0m] Started Pollinate to seed the pseudo random number generator.
         Starting OpenBSD Secure Shell server...
[[0;32m  OK  [0m] Started OpenBSD Secure Shell server.
[[0;32m  OK  [0m] Created slice User Slice of vagrant.
         Starting User Manager for UID 1000...
[[0;32m  OK  [0m] Started Session 1 of user vagrant.
[[0;32m  OK  [0m] Started User Manager for UID 1000.
         Stopping User Manager for UID 1000...
[[0;32m  OK  [0m] Stopped User Manager for UID 1000.
[[0;32m  OK  [0m] Removed slice User Slice of vagrant.
[[0;32m  OK  [0m] Created slice User Slice of vagrant.
         Starting User Manager for UID 1000...
[[0;32m  OK  [0m] Started Session 3 of user vagrant.
[[0;32m  OK  [0m] Started User Manager for UID 1000.
[[0;32m  OK  [0m] Started Wait until snapd is fully seeded.
         Starting Apply the settings specified in cloud-config...
[[0;32m  OK  [0m] Reached target Multi-User System.
[[0;32m  OK  [0m] Reached target Graphical Interface.
         Starting Update UTMP about System Runlevel Changes...
[[0;32m  OK  [0m] Started Update UTMP about System Runlevel Changes.
[   23.859307] cloud-init[1690]: Cloud-init v. 19.4-33-gbb4131a2-0ubuntu1~18.04.1 running 'modules:config' at Wed, 13 May 2020 14:18:07 +0000. Up 23.58 seconds.
[[0;32m  OK  [0m] Started Apply the settings specified in cloud-config.
         Starting Execute cloud user/final scripts...
ci-info: no authorized SSH keys fingerprints found for user ubuntu.
<14>May 13 14:18:07 ec2: 
<14>May 13 14:18:07 ec2: #############################################################
<14>May 13 14:18:07 ec2: -----BEGIN SSH HOST KEY FINGERPRINTS-----
<14>May 13 14:18:07 ec2: 1024 SHA256:4DUoJ7y8m3bfI+NPAu443rb9OZZcH5dTNdJsK/xig84 root@ubuntu-bionic (DSA)
<14>May 13 14:18:07 ec2: 256 SHA256:yqPtN5HAU3h8H3yTg4E0KxotYok3VvlLydZTQEV3/Cc root@ubuntu-bionic (ECDSA)
<14>May 13 14:18:07 ec2: 256 SHA256:C+oc3OaI2mE/nqjXICtaOfBUpsVJXWCXSwHU12CiPYM root@ubuntu-bionic (ED25519)
<14>May 13 14:18:07 ec2: 2048 SHA256:CCtc+u1+xb9P370GFaFWNG+1FAuIrkUtcbroYnv7RmY root@ubuntu-bionic (RSA)
<14>May 13 14:18:07 ec2: -----END SSH HOST KEY FINGERPRINTS-----
<14>May 13 14:18:07 ec2: #############################################################
-----BEGIN SSH HOST KEY KEYS-----
ecdsa-sha2-nistp256 AAAAE2VjZHNhLXNoYTItbmlzdHAyNTYAAAAIbmlzdHAyNTYAAABBBG1+lAXEyRMF7iUrEoppUu1NHdrQM/I4OUDN/q/Y8AIONSg10g3kbS49IPvZWGQ4B2D8ejG4NCyQQL+bOkEyqJM= root@ubuntu-bionic
ssh-ed25519 AAAAC3NzaC1lZDI1NTE5AAAAIK7iwSwN2n87y5F4tsxsELzvdwGNml+19nYfkuZt7lf5 root@ubuntu-bionic
ssh-rsa AAAAB3NzaC1yc2EAAAADAQABAAABAQDgWD2Ts3t+D/6nsqJk7rUQYvVNmAzVGPPRFK1hR2q7YePkEO/ynntjbnNIozSIEiEHk3a9gec8EMSYdPuzJn/mh7lhAGDJF+0tk1HSplQ+Vv+Jwe0awOjJ7wDinuXoQ/6v8t+AzXiQY/7HVn7WIgLD2YAxBUdFnAFSWj2mXo0MbcC45I0tQw0Mz3w2U+ut6hSC/ngfPbKiLNkyCK21I5B+HEOhpUVQ8wcoE5C3EcgMLVHUIgVQdoo1NI6Q4tKcQ6SD/x9UERAAmU0uOotzqBrFYh98ButY17Tlggrj2wMITGy37oHOm7ffW7ST/X8K0WpUcdJIDFzvRvqdARXnGnEl root@ubuntu-bionic
-----END SSH HOST KEY KEYS-----
[   24.304142] cloud-init[1799]: Cloud-init v. 19.4-33-gbb4131a2-0ubuntu1~18.04.1 running 'modules:final' at Wed, 13 May 2020 14:18:07 +0000. Up 24.19 seconds.
[   24.305340] cloud-init[1799]: ci-info: no authorized SSH keys fingerprints found for user ubuntu.
[   24.306119] cloud-init[1799]: Cloud-init v. 19.4-33-gbb4131a2-0ubuntu1~18.04.1 finished at Wed, 13 May 2020 14:18:08 +0000. Datasource DataSourceNoCloud [seed=/dev/sdb][dsmode=net].  Up 24.29 seconds
[[0;32m  OK  [0m] Started Execute cloud user/final scripts.

Ubuntu 18.04.4 LTS ubuntu-bionic ttyS0

ubuntu-bionic login: 